20/01/16 13:51:35 : Username and Password not accepted. Learn more at<EOL> https://support.google.com/mail/?p=BadCredentials s10sm28922505wrw.12 - gsmtp<EOL>
20/03/17 14:53:20 : Username and Password not accepted. Learn more at<EOL> https://support.google.com/mail/?p=BadCredentials j15sm4612351wrp.85 - gsmtp<EOL>
20/03/17 14:53:49 : Username and Password not accepted. Learn more at<EOL> https://support.google.com/mail/?p=BadCredentials g129sm4313295wmg.12 - gsmtp<EOL>
20/03/17 14:59:33 : Username and Password not accepted. Learn more at<EOL> https://support.google.com/mail/?p=BadCredentials v8sm4840370wrw.2 - gsmtp<EOL>
20/03/17 14:59:36 : Username and Password not accepted. Learn more at<EOL> https://support.google.com/mail/?p=BadCredentials c26sm3844200wmb.8 - gsmtp<EOL>
20/03/17 15:00:33 : Username and Password not accepted. Learn more at<EOL> https://support.google.com/mail/?p=BadCredentials c26sm3846951wmb.8 - gsmtp<EOL>
20/03/17 15:00:57 : Username and Password not accepted. Learn more at<EOL> https://support.google.com/mail/?p=BadCredentials h16sm4731422wrr.48 - gsmtp<EOL>
20/03/17 15:01:00 : Username and Password not accepted. Learn more at<EOL> https://support.google.com/mail/?p=BadCredentials n186sm3949606wme.25 - gsmtp<EOL>
20/03/17 15:11:23 : Username and Password not accepted. Learn more at<EOL> https://support.google.com/mail/?p=BadCredentials d7sm4940015wrc.25 - gsmtp<EOL>
20/03/17 15:19:36 : Username and Password not accepted. Learn more at<EOL> https://support.google.com/mail/?p=BadCredentials v10sm3879025wml.44 - gsmtp<EOL>
20/03/17 15:19:48 : Username and Password not accepted. Learn more at<EOL> https://support.google.com/mail/?p=BadCredentials t124sm4372027wmg.13 - gsmtp<EOL>
20/03/17 15:20:54 : Username and Password not accepted. Learn more at<EOL> https://support.google.com/mail/?p=BadCredentials a7sm36346wmb.0 - gsmtp<EOL>
20/03/17 15:27:03 : Username and Password not accepted. Learn more at<EOL> https://support.google.com/mail/?p=BadCredentials q8sm171391wrc.8 - gsmtp<EOL>
20/03/17 15:27:05 : Username and Password not accepted. Learn more at<EOL> https://support.google.com/mail/?p=BadCredentials j15sm4730731wrp.85 - gsmtp<EOL>
20/03/17 15:28:07 : Username and Password not accepted. Learn more at<EOL> https://support.google.com/mail/?p=BadCredentials v10sm4267186wmh.17 - gsmtp<EOL>
20/03/17 15:28:08 : Username and Password not accepted. Learn more at<EOL> https://support.google.com/mail/?p=BadCredentials a199sm4052059wme.29 - gsmtp<EOL>
20/03/17 16:36:18 : Username and Password not accepted. Learn more at<EOL> https://support.google.com/mail/?p=BadCredentials h81sm4562142wme.42 - gsmtp<EOL>
20/03/17 17:07:50 : Username and Password not accepted. Learn more at<EOL> https://support.google.com/mail/?p=BadCredentials t124sm4724921wmg.13 - gsmtp<EOL>
20/03/17 17:07:52 : Username and Password not accepted. Learn more at<EOL> https://support.google.com/mail/?p=BadCredentials x13sm4883321wmj.5 - gsmtp<EOL>
20/03/17 17:08:23 : Username and Password not accepted. Learn more at<EOL> https://support.google.com/mail/?p=BadCredentials k133sm4681990wma.11 - gsmtp<EOL>
20/04/29 20:39:36 : Username and Password not accepted. Learn more at<EOL> https://support.google.com/mail/?p=BadCredentials z15sm143233wrs.47 - gsmtp<EOL>
20/04/29 20:40:32 : Username and Password not accepted. Learn more at<EOL> https://support.google.com/mail/?p=BadCredentials p190sm9064939wmp.38 - gsmtp<EOL>
20/04/29 20:40:34 : Username and Password not accepted. Learn more at<EOL> https://support.google.com/mail/?p=BadCredentials h6sm8812626wmf.31 - gsmtp<EOL>
20/04/29 20:40:55 : Username and Password not accepted. Learn more at<EOL> https://support.google.com/mail/?p=BadCredentials i17sm9070917wml.23 - gsmtp<EOL>
20/04/29 20:41:55 : Username and Password not accepted. Learn more at<EOL> https://support.google.com/mail/?p=BadCredentials b22sm9428590wmj.1 - gsmtp<EOL>
20/04/29 20:42:20 : Username and Password not accepted. Learn more at<EOL> https://support.google.com/mail/?p=BadCredentials n25sm8935375wmk.9 - gsmtp<EOL>
20/04/29 20:42:38 : Username and Password not accepted. Learn more at<EOL> https://support.google.com/mail/?p=BadCredentials w11sm8622236wmi.32 - gsmtp<EOL>
20/04/29 20:42:39 : Username and Password not accepted. Learn more at<EOL> https://support.google.com/mail/?p=BadCredentials z16sm206309wrl.0 - gsmtp<EOL>
20/04/29 20:44:31 : Username and Password not accepted. Learn more at<EOL> https://support.google.com/mail/?p=BadCredentials s24sm9386892wmj.28 - gsmtp<EOL>
20/04/29 20:44:32 : Username and Password not accepted. Learn more at<EOL> https://support.google.com/mail/?p=BadCredentials s18sm128198wra.94 - gsmtp<EOL>
20/04/29 20:44:50 : Username and Password not accepted. Learn more at<EOL> https://support.google.com/mail/?p=BadCredentials h16sm187121wrw.36 - gsmtp<EOL>
20/04/29 20:44:52 : Username and Password not accepted. Learn more at<EOL> https://support.google.com/mail/?p=BadCredentials u188sm9293057wmg.37 - gsmtp<EOL>
20/04/29 20:47:26 : Username and Password not accepted. Learn more at<EOL> https://support.google.com/mail/?p=BadCredentials c25sm8709722wmb.44 - gsmtp<EOL>
20/04/29 20:47:47 : Username and Password not accepted. Learn more at<EOL> https://support.google.com/mail/?p=BadCredentials j13sm209896wrq.24 - gsmtp<EOL>
20/04/29 20:48:02 : Username and Password not accepted. Learn more at<EOL> https://support.google.com/mail/?p=BadCredentials 19sm8764068wmo.3 - gsmtp<EOL>
20/04/29 20:48:10 : Username and Password not accepted. Learn more at<EOL> https://support.google.com/mail/?p=BadCredentials b85sm8744583wmb.21 - gsmtp<EOL>
20/04/29 20:48:12 : Username and Password not accepted. Learn more at<EOL> https://support.google.com/mail/?p=BadCredentials s18sm143655wra.94 - gsmtp<EOL>
20/04/30 03:09:49 : Username and Password not accepted. Learn more at<EOL> https://support.google.com/mail/?p=BadCredentials c20sm10700180wmd.36 - gsmtp<EOL>
20/04/30 03:09:56 : Username and Password not accepted. Learn more at<EOL> https://support.google.com/mail/?p=BadCredentials h5sm1627501wrp.97 - gsmtp<EOL>
20/04/30 05:50:26 : Message is missing recipient's address
20/05/02 04:31:18 : Message is missing recipient's address
20/05/02 04:31:18 : Message is missing recipient's address
20/05/02 04:31:18 : Message is missing recipient's address
20/05/02 04:31:18 : Message is missing recipient's address
20/05/02 04:31:18 : Message is missing recipient's address
20/05/02 04:31:19 : Message is missing recipient's address
20/05/02 04:31:19 : Message is missing recipient's address
20/05/02 04:31:19 : Message is missing recipient's address
20/05/02 04:31:19 : Message is missing recipient's address
20/05/02 04:31:19 : Message is missing recipient's address
20/05/02 04:31:20 : Message is missing recipient's address
20/05/02 04:31:20 : Message is missing recipient's address
20/05/02 04:31:20 : Message is missing recipient's address
20/05/02 04:31:21 : Message is missing recipient's address
20/05/02 04:31:21 : Message is missing recipient's address
20/05/02 04:31:21 : Message is missing recipient's address
20/05/02 04:31:21 : Message is missing recipient's address
20/05/02 04:31:21 : Message is missing recipient's address
20/05/02 04:31:22 : Message is missing recipient's address
20/05/02 04:31:22 : Message is missing recipient's address
20/05/02 04:31:22 : Message is missing recipient's address
20/05/02 04:31:22 : Message is missing recipient's address
20/05/02 04:31:23 : Message is missing recipient's address
20/05/02 04:31:23 : Message is missing recipient's address
20/05/02 04:31:23 : Message is missing recipient's address
20/05/02 04:31:24 : Message is missing recipient's address
20/05/02 04:31:24 : Message is missing recipient's address
20/05/02 04:31:24 : Message is missing recipient's address
20/05/02 04:31:24 : Message is missing recipient's address
20/05/02 04:31:25 : Message is missing recipient's address
20/05/02 04:31:25 : Message is missing recipient's address
20/05/02 04:31:25 : Message is missing recipient's address
20/05/02 04:31:26 : Message is missing recipient's address
20/05/02 04:31:26 : Message is missing recipient's address
20/05/02 04:31:26 : Message is missing recipient's address
20/05/02 04:31:27 : Message is missing recipient's address
20/05/02 04:31:27 : Message is missing recipient's address
20/05/02 04:31:27 : Message is missing recipient's address
20/05/02 04:31:27 : Message is missing recipient's address
20/05/02 04:31:27 : Message is missing recipient's address
20/05/02 04:31:28 : Message is missing recipient's address
20/05/02 04:31:28 : Message is missing recipient's address
20/05/02 04:31:28 : Message is missing recipient's address
20/05/02 04:31:28 : Message is missing recipient's address
20/05/02 04:31:29 : Message is missing recipient's address
20/05/02 04:31:29 : Message is missing recipient's address
20/05/02 04:31:29 : Message is missing recipient's address
20/05/02 04:31:29 : Message is missing recipient's address
20/05/02 04:31:30 : Message is missing recipient's address
20/05/02 04:31:30 : Message is missing recipient's address
20/05/02 04:31:30 : Message is missing recipient's address
20/05/02 04:31:30 : Message is missing recipient's address
20/05/02 04:31:30 : Message is missing recipient's address
20/05/02 04:31:31 : Message is missing recipient's address
20/05/02 04:31:31 : Message is missing recipient's address
20/05/02 04:31:31 : Message is missing recipient's address
20/05/02 04:31:31 : Message is missing recipient's address
20/05/02 04:31:31 : Message is missing recipient's address
20/05/02 04:31:32 : Message is missing recipient's address
20/05/02 04:31:32 : Message is missing recipient's address
20/05/02 04:31:32 : Message is missing recipient's address
20/05/02 04:31:32 : Message is missing recipient's address
20/05/02 04:31:33 : Message is missing recipient's address
20/05/02 04:31:33 : Message is missing recipient's address
20/05/02 04:31:33 : Message is missing recipient's address
20/05/02 04:31:33 : Message is missing recipient's address
20/05/02 04:31:34 : Message is missing recipient's address
20/05/02 04:31:34 : Message is missing recipient's address
20/05/02 04:31:34 : Message is missing recipient's address
20/05/02 04:31:34 : Message is missing recipient's address
20/05/02 04:31:34 : Message is missing recipient's address
20/05/02 04:31:35 : Message is missing recipient's address
20/05/02 04:31:35 : Message is missing recipient's address
20/05/02 04:31:35 : Message is missing recipient's address
20/05/02 04:31:35 : Message is missing recipient's address
20/05/02 04:31:36 : Message is missing recipient's address
20/05/02 04:31:36 : Message is missing recipient's address
20/05/02 04:31:36 : Message is missing recipient's address
20/05/02 04:31:36 : Message is missing recipient's address
20/05/02 04:31:37 : Message is missing recipient's address
20/05/02 04:31:37 : Message is missing recipient's address
20/05/02 04:31:37 : Message is missing recipient's address
20/05/02 04:31:37 : Message is missing recipient's address
20/05/02 04:31:38 : Message is missing recipient's address
20/05/02 04:31:38 : Message is missing recipient's address
20/05/02 04:31:38 : Message is missing recipient's address
20/05/02 04:31:38 : Message is missing recipient's address
20/05/02 04:31:39 : Message is missing recipient's address
20/05/02 04:31:39 : Message is missing recipient's address
20/05/02 04:31:39 : Message is missing recipient's address
20/05/02 04:31:39 : Message is missing recipient's address
20/05/02 04:31:39 : Message is missing recipient's address
20/05/02 04:31:40 : Message is missing recipient's address
20/05/02 04:31:40 : Message is missing recipient's address
20/05/02 04:31:40 : Message is missing recipient's address
20/05/02 04:31:40 : Message is missing recipient's address
20/05/02 04:31:41 : Message is missing recipient's address
20/05/02 04:31:41 : Message is missing recipient's address
20/05/02 04:31:41 : Message is missing recipient's address
20/05/02 04:31:41 : Message is missing recipient's address
20/05/02 04:31:42 : Message is missing recipient's address
20/05/02 04:31:42 : Message is missing recipient's address
20/05/02 04:31:42 : Message is missing recipient's address
20/05/02 04:31:42 : Message is missing recipient's address
20/05/02 04:31:43 : Message is missing recipient's address
20/05/02 04:31:43 : Message is missing recipient's address
20/05/02 04:31:43 : Message is missing recipient's address
20/05/02 04:31:43 : Message is missing recipient's address
20/05/02 04:31:44 : Message is missing recipient's address
20/05/02 04:31:44 : Message is missing recipient's address
20/05/02 04:31:44 : Message is missing recipient's address
20/05/02 04:31:44 : Message is missing recipient's address
20/05/02 04:31:44 : Message is missing recipient's address
20/05/02 04:31:44 : Message is missing recipient's address
20/05/02 04:31:45 : Message is missing recipient's address
20/05/02 04:31:45 : Message is missing recipient's address
20/05/02 04:31:45 : Message is missing recipient's address
20/05/02 04:31:45 : Message is missing recipient's address
20/05/02 04:31:45 : Message is missing recipient's address
20/05/02 04:31:46 : Message is missing recipient's address
20/05/02 04:31:46 : Message is missing recipient's address
20/05/02 04:31:46 : Message is missing recipient's address
20/05/02 04:31:46 : Message is missing recipient's address
20/05/02 04:31:46 : Message is missing recipient's address
20/05/02 04:31:47 : Message is missing recipient's address
20/05/02 04:31:47 : Message is missing recipient's address
20/05/02 04:31:47 : Message is missing recipient's address
20/05/02 04:31:47 : Message is missing recipient's address
20/05/02 04:31:48 : Message is missing recipient's address
20/05/02 04:31:48 : Message is missing recipient's address
20/05/02 04:31:48 : Message is missing recipient's address
20/05/02 04:31:48 : Message is missing recipient's address
20/05/02 04:31:48 : Message is missing recipient's address
20/05/02 04:31:49 : Message is missing recipient's address
20/05/02 04:31:49 : Message is missing recipient's address
20/05/02 04:31:49 : Message is missing recipient's address
20/05/02 04:31:49 : Message is missing recipient's address
20/05/02 04:31:50 : Message is missing recipient's address
20/05/02 04:31:50 : Message is missing recipient's address
20/05/02 04:31:50 : Message is missing recipient's address
20/05/02 04:31:50 : Message is missing recipient's address
20/05/02 04:31:50 : Message is missing recipient's address
20/05/02 04:31:51 : Message is missing recipient's address
20/05/02 04:31:51 : Message is missing recipient's address
20/05/02 04:31:51 : Message is missing recipient's address
20/05/02 04:31:51 : Message is missing recipient's address
20/05/02 04:31:51 : Message is missing recipient's address
20/05/02 04:31:52 : Message is missing recipient's address
20/05/02 04:31:52 : Message is missing recipient's address
20/05/02 04:31:52 : Message is missing recipient's address
20/05/02 04:31:53 : Message is missing recipient's address
20/05/02 04:31:53 : Message is missing recipient's address
20/05/02 04:31:53 : Message is missing recipient's address
20/05/02 04:31:53 : Message is missing recipient's address
20/05/02 04:31:53 : Message is missing recipient's address
20/05/02 04:31:54 : Message is missing recipient's address
20/05/02 04:31:54 : Message is missing recipient's address
20/05/02 04:31:54 : Message is missing recipient's address
20/05/02 04:31:55 : Message is missing recipient's address
20/05/02 04:31:55 : Message is missing recipient's address
20/05/02 04:31:55 : Message is missing recipient's address
20/05/02 04:31:55 : Message is missing recipient's address
20/05/02 04:31:55 : Message is missing recipient's address
20/05/02 04:31:56 : Message is missing recipient's address
20/05/02 04:31:56 : Message is missing recipient's address
20/05/02 04:31:56 : Message is missing recipient's address
20/05/02 04:31:56 : Message is missing recipient's address
20/05/02 04:31:56 : Message is missing recipient's address
20/05/02 04:31:57 : Message is missing recipient's address
20/05/02 04:31:57 : Message is missing recipient's address
20/05/02 04:31:57 : Message is missing recipient's address
20/05/02 04:31:57 : Message is missing recipient's address
20/05/02 04:31:58 : Message is missing recipient's address
20/05/02 04:31:58 : Message is missing recipient's address
20/05/02 04:31:58 : Message is missing recipient's address
20/05/02 04:31:59 : Message is missing recipient's address
20/05/02 04:31:59 : Message is missing recipient's address
20/05/02 04:31:59 : Message is missing recipient's address
20/05/02 04:31:59 : Message is missing recipient's address
20/05/02 04:32:00 : Message is missing recipient's address
20/05/02 04:32:00 : Message is missing recipient's address
20/05/02 04:32:00 : Message is missing recipient's address
20/05/02 04:32:00 : Message is missing recipient's address
20/05/02 04:32:01 : Message is missing recipient's address
20/05/02 04:32:01 : Message is missing recipient's address
20/05/02 04:32:01 : Message is missing recipient's address
20/05/02 04:32:01 : Message is missing recipient's address
20/05/02 04:32:01 : Message is missing recipient's address
20/05/02 04:32:02 : Message is missing recipient's address
20/05/02 04:32:02 : Message is missing recipient's address
20/05/02 04:32:02 : Message is missing recipient's address
20/05/02 04:32:02 : Message is missing recipient's address
20/05/02 04:32:02 : Message is missing recipient's address
20/05/02 04:32:03 : Message is missing recipient's address
20/05/02 04:32:03 : Message is missing recipient's address
20/05/02 04:32:03 : Message is missing recipient's address
20/05/02 04:32:03 : Message is missing recipient's address
20/05/02 04:32:04 : Message is missing recipient's address
20/05/02 04:32:04 : Message is missing recipient's address
20/05/02 04:32:04 : Message is missing recipient's address
20/05/02 04:32:04 : Message is missing recipient's address
20/05/02 04:32:04 : Message is missing recipient's address
20/05/02 04:32:05 : Message is missing recipient's address
20/05/02 04:32:05 : Message is missing recipient's address
20/05/02 04:32:05 : Message is missing recipient's address
20/05/02 04:32:05 : Message is missing recipient's address
20/05/02 04:32:05 : Message is missing recipient's address
20/05/02 04:32:06 : Message is missing recipient's address
20/05/02 04:32:06 : Message is missing recipient's address
20/05/02 04:32:06 : Message is missing recipient's address
20/05/02 04:32:06 : Message is missing recipient's address
20/05/02 04:32:06 : Message is missing recipient's address
20/05/02 04:32:07 : Message is missing recipient's address
20/05/02 04:32:07 : Message is missing recipient's address
20/05/02 04:32:07 : Message is missing recipient's address
20/05/02 04:32:07 : Message is missing recipient's address
20/05/02 04:32:08 : Message is missing recipient's address
20/05/02 04:32:08 : Message is missing recipient's address
20/05/02 04:32:08 : Message is missing recipient's address
20/05/02 04:32:08 : Message is missing recipient's address
20/05/02 04:32:08 : Message is missing recipient's address
20/05/02 04:32:09 : Message is missing recipient's address
20/05/02 04:32:09 : Message is missing recipient's address
20/05/02 04:32:09 : Message is missing recipient's address
20/05/02 04:32:09 : Message is missing recipient's address
20/05/02 04:32:09 : Message is missing recipient's address
20/05/02 04:32:10 : Message is missing recipient's address
20/05/02 04:32:10 : Message is missing recipient's address
20/05/02 04:32:10 : Message is missing recipient's address
20/05/02 04:32:10 : Message is missing recipient's address
20/05/02 04:32:11 : Message is missing recipient's address
20/05/02 04:32:11 : Message is missing recipient's address
20/05/02 04:32:11 : Message is missing recipient's address
20/05/02 04:32:11 : Message is missing recipient's address
20/05/02 04:32:11 : Message is missing recipient's address
20/05/02 04:32:12 : Message is missing recipient's address
20/05/02 04:32:12 : Message is missing recipient's address
20/05/02 04:32:12 : Message is missing recipient's address
20/05/02 04:32:12 : Message is missing recipient's address
20/05/02 04:32:13 : Message is missing recipient's address
20/05/02 04:32:13 : Message is missing recipient's address
20/05/02 04:32:13 : Message is missing recipient's address
20/05/02 04:32:13 : Message is missing recipient's address
20/05/02 04:32:13 : Message is missing recipient's address
20/05/02 04:32:14 : Message is missing recipient's address
20/05/02 04:32:14 : Message is missing recipient's address
20/05/02 04:32:14 : Message is missing recipient's address
20/05/02 04:32:14 : Message is missing recipient's address
20/05/02 04:32:15 : Message is missing recipient's address
20/05/02 04:32:15 : Message is missing recipient's address
20/05/02 04:32:15 : Message is missing recipient's address
20/05/02 04:32:15 : Message is missing recipient's address
20/05/02 04:32:15 : Message is missing recipient's address
20/05/02 04:32:16 : Message is missing recipient's address
20/05/02 04:32:16 : Message is missing recipient's address
20/05/02 04:32:16 : Message is missing recipient's address
20/05/02 04:32:16 : Message is missing recipient's address
20/05/02 04:32:16 : Message is missing recipient's address
20/05/02 04:32:17 : Message is missing recipient's address
20/05/02 04:32:17 : Message is missing recipient's address
20/05/02 04:32:17 : Message is missing recipient's address
20/05/02 04:32:17 : Message is missing recipient's address
20/05/02 04:32:17 : Message is missing recipient's address
20/05/02 04:32:18 : Message is missing recipient's address
20/05/02 04:32:18 : Message is missing recipient's address
20/05/02 04:32:18 : Message is missing recipient's address
20/05/02 04:32:18 : Message is missing recipient's address
20/05/02 04:32:18 : Message is missing recipient's address
20/05/02 04:32:19 : Message is missing recipient's address
20/05/02 04:32:19 : Message is missing recipient's address
20/05/02 04:32:19 : Message is missing recipient's address
20/05/02 04:32:19 : Message is missing recipient's address
20/05/02 04:32:19 : Message is missing recipient's address
20/05/02 04:32:20 : Message is missing recipient's address
20/05/02 04:32:20 : Message is missing recipient's address
20/05/02 04:32:20 : Message is missing recipient's address
20/05/02 04:32:20 : Message is missing recipient's address
20/05/02 04:32:20 : Message is missing recipient's address
20/05/02 04:32:21 : Message is missing recipient's address
20/05/02 04:32:21 : Message is missing recipient's address
20/05/02 04:32:21 : Message is missing recipient's address
20/05/02 04:32:21 : Message is missing recipient's address
20/05/02 04:32:21 : Message is missing recipient's address
20/05/02 04:32:22 : Message is missing recipient's address
20/05/02 04:32:22 : Message is missing recipient's address
20/05/02 04:32:22 : Message is missing recipient's address
20/05/02 04:32:23 : Message is missing recipient's address
20/05/02 04:32:23 : Message is missing recipient's address
20/05/02 04:32:23 : Message is missing recipient's address
20/05/02 04:32:23 : Message is missing recipient's address
20/05/02 04:32:23 : Message is missing recipient's address
20/05/02 04:32:23 : Message is missing recipient's address
20/05/02 04:32:24 : Message is missing recipient's address
20/05/02 04:32:24 : Message is missing recipient's address
20/05/02 04:32:24 : Message is missing recipient's address
20/05/02 04:32:24 : Message is missing recipient's address
20/05/02 04:32:25 : Message is missing recipient's address
20/05/02 04:32:25 : Message is missing recipient's address
20/05/02 04:32:25 : Message is missing recipient's address
20/05/02 04:32:25 : Message is missing recipient's address
20/05/02 04:32:25 : Message is missing recipient's address
20/05/02 04:32:26 : Message is missing recipient's address
20/05/02 04:32:26 : Message is missing recipient's address
20/05/02 04:32:26 : Message is missing recipient's address
20/05/02 04:32:26 : Message is missing recipient's address
20/05/02 04:32:27 : Message is missing recipient's address
20/05/02 04:32:27 : Message is missing recipient's address
20/05/02 04:32:27 : Message is missing recipient's address
20/05/02 04:32:27 : Message is missing recipient's address
20/05/02 04:32:27 : Message is missing recipient's address
20/05/02 04:32:28 : Message is missing recipient's address
20/05/02 04:32:28 : Message is missing recipient's address
20/05/02 04:32:28 : Message is missing recipient's address
20/05/02 04:32:28 : Message is missing recipient's address
20/05/02 04:32:29 : Message is missing recipient's address
20/05/02 04:32:29 : Message is missing recipient's address
20/05/02 04:32:29 : Message is missing recipient's address
20/05/02 04:32:29 : Message is missing recipient's address
20/05/02 04:32:29 : Message is missing recipient's address
20/05/02 04:32:30 : Message is missing recipient's address
20/05/02 04:32:30 : Message is missing recipient's address
20/05/02 04:32:30 : Message is missing recipient's address
20/05/02 04:32:30 : Message is missing recipient's address
20/05/02 04:32:30 : Message is missing recipient's address
20/05/02 04:32:30 : Message is missing recipient's address
20/05/02 04:32:31 : Message is missing recipient's address
20/05/02 04:32:31 : Message is missing recipient's address
20/05/02 04:32:31 : Message is missing recipient's address
20/05/02 04:32:31 : Message is missing recipient's address
20/05/02 04:32:31 : Message is missing recipient's address
20/05/02 04:32:32 : Message is missing recipient's address
20/05/02 04:32:32 : Message is missing recipient's address
20/05/02 04:32:32 : Message is missing recipient's address
20/05/02 04:32:32 : Message is missing recipient's address
20/05/02 04:32:33 : Message is missing recipient's address
20/05/02 04:32:33 : Message is missing recipient's address
20/05/02 04:32:33 : Message is missing recipient's address
20/05/02 04:32:33 : Message is missing recipient's address
20/05/02 04:32:34 : Message is missing recipient's address
20/05/02 04:32:34 : Message is missing recipient's address
20/05/02 04:32:34 : Message is missing recipient's address
20/05/02 04:32:34 : Message is missing recipient's address
20/05/02 04:32:34 : Message is missing recipient's address
20/05/02 04:32:35 : Message is missing recipient's address
20/05/02 04:32:35 : Message is missing recipient's address
20/05/02 04:32:35 : Message is missing recipient's address
20/05/02 04:32:35 : Message is missing recipient's address
20/05/02 04:32:35 : Message is missing recipient's address
20/05/02 04:32:36 : Message is missing recipient's address
20/05/02 04:32:36 : Message is missing recipient's address
20/05/02 04:32:36 : Message is missing recipient's address
20/05/02 04:32:36 : Message is missing recipient's address
20/05/02 04:32:36 : Message is missing recipient's address
20/05/02 04:32:37 : Message is missing recipient's address
20/05/02 04:32:37 : Message is missing recipient's address
20/05/02 04:32:37 : Message is missing recipient's address
20/05/02 04:32:37 : Message is missing recipient's address
20/05/02 04:32:37 : Message is missing recipient's address
20/05/02 04:32:38 : Message is missing recipient's address
20/05/02 04:32:38 : Message is missing recipient's address
20/05/02 04:32:38 : Message is missing recipient's address
20/05/02 04:32:38 : Message is missing recipient's address
20/05/02 04:32:38 : Message is missing recipient's address
20/05/02 04:32:39 : Message is missing recipient's address
20/05/02 04:32:39 : Message is missing recipient's address
20/05/02 04:32:39 : Message is missing recipient's address
20/05/02 04:32:39 : Message is missing recipient's address
20/05/02 04:32:39 : Message is missing recipient's address
20/05/02 04:32:40 : Message is missing recipient's address
20/05/02 04:32:40 : Message is missing recipient's address
20/05/02 04:32:40 : Message is missing recipient's address
20/05/02 04:32:40 : Message is missing recipient's address
20/05/02 04:32:40 : Message is missing recipient's address
20/05/02 04:32:41 : Message is missing recipient's address
20/05/02 04:32:41 : Message is missing recipient's address
20/05/02 04:32:41 : Message is missing recipient's address
20/05/02 04:32:41 : Message is missing recipient's address
20/05/02 04:32:41 : Message is missing recipient's address
20/05/02 04:32:42 : Message is missing recipient's address
20/05/02 04:32:42 : Message is missing recipient's address
20/05/02 04:32:42 : Message is missing recipient's address
20/05/02 04:32:42 : Message is missing recipient's address
20/05/02 04:32:42 : Message is missing recipient's address
20/05/02 04:32:43 : Message is missing recipient's address
20/05/02 04:32:43 : Message is missing recipient's address
20/05/02 04:32:43 : Message is missing recipient's address
20/05/02 04:32:43 : Message is missing recipient's address
20/05/02 04:32:44 : Message is missing recipient's address
20/05/02 04:32:44 : Message is missing recipient's address
20/05/02 04:32:44 : Message is missing recipient's address
20/05/02 04:32:44 : Message is missing recipient's address
20/05/02 04:32:44 : Message is missing recipient's address
20/05/02 04:32:45 : Message is missing recipient's address
20/05/02 04:32:45 : Message is missing recipient's address
20/05/02 04:32:45 : Message is missing recipient's address
20/05/02 04:32:45 : Message is missing recipient's address
20/05/02 04:32:46 : Message is missing recipient's address
20/05/02 04:32:46 : Message is missing recipient's address
20/05/02 04:32:46 : Message is missing recipient's address
20/05/02 04:32:46 : Message is missing recipient's address
20/05/02 04:32:47 : Message is missing recipient's address
20/05/02 04:32:47 : Message is missing recipient's address
20/05/02 04:32:47 : Message is missing recipient's address
20/05/02 04:32:47 : Message is missing recipient's address
20/05/02 04:32:47 : Message is missing recipient's address
20/05/02 04:32:48 : Message is missing recipient's address
20/05/02 04:32:48 : Message is missing recipient's address
20/05/02 04:32:48 : Message is missing recipient's address
20/05/02 04:32:48 : Message is missing recipient's address
20/05/02 04:32:48 : Message is missing recipient's address
20/05/02 04:32:49 : Message is missing recipient's address
20/05/02 04:32:49 : Message is missing recipient's address
20/05/02 04:32:49 : Message is missing recipient's address
20/05/02 04:32:49 : Message is missing recipient's address
20/05/02 04:32:49 : Message is missing recipient's address
20/05/02 04:32:50 : Message is missing recipient's address
20/05/02 04:32:50 : Message is missing recipient's address
20/05/02 04:32:50 : Message is missing recipient's address
20/05/02 04:32:50 : Message is missing recipient's address
20/05/02 04:32:51 : Message is missing recipient's address
20/05/02 04:32:51 : Message is missing recipient's address
20/05/02 04:32:51 : Message is missing recipient's address
20/05/02 04:32:51 : Message is missing recipient's address
20/05/02 04:32:52 : Message is missing recipient's address
20/05/02 04:32:52 : Message is missing recipient's address
20/05/02 04:32:52 : Message is missing recipient's address
20/05/02 04:32:52 : Message is missing recipient's address
20/05/02 04:32:52 : Message is missing recipient's address
20/05/02 04:32:52 : Message is missing recipient's address
20/05/02 04:32:53 : Message is missing recipient's address
20/05/02 04:32:53 : Message is missing recipient's address
20/05/02 04:32:53 : Message is missing recipient's address
20/05/02 04:32:53 : Message is missing recipient's address
20/05/02 04:32:53 : Message is missing recipient's address
20/05/02 04:32:54 : Message is missing recipient's address
20/05/02 04:32:54 : Message is missing recipient's address
20/05/02 04:32:54 : Message is missing recipient's address
20/05/02 04:32:54 : Message is missing recipient's address
20/05/02 04:32:54 : Message is missing recipient's address
20/05/02 04:32:55 : Message is missing recipient's address
20/05/02 04:32:55 : Message is missing recipient's address
20/05/02 04:32:55 : Message is missing recipient's address
20/05/02 04:32:55 : Message is missing recipient's address
20/05/02 04:32:55 : Message is missing recipient's address
20/05/02 04:32:56 : Message is missing recipient's address
20/05/02 04:32:56 : Message is missing recipient's address
20/05/02 04:32:56 : Message is missing recipient's address
20/05/02 04:32:56 : Message is missing recipient's address
20/05/02 04:32:57 : Message is missing recipient's address
20/05/02 04:32:57 : Message is missing recipient's address
20/05/02 04:32:57 : Message is missing recipient's address
20/05/02 04:32:57 : Message is missing recipient's address
20/05/02 04:32:57 : Message is missing recipient's address
20/05/02 04:32:58 : Message is missing recipient's address
20/05/02 04:32:58 : Message is missing recipient's address
20/05/02 04:32:58 : Message is missing recipient's address
20/05/02 04:32:58 : Message is missing recipient's address
20/05/02 04:32:58 : Message is missing recipient's address
20/05/02 04:32:59 : Message is missing recipient's address
20/05/02 04:32:59 : Message is missing recipient's address
20/05/02 04:32:59 : Message is missing recipient's address
20/05/02 04:32:59 : Message is missing recipient's address
20/05/02 04:32:59 : Message is missing recipient's address
20/05/02 04:33:00 : Message is missing recipient's address
20/05/02 04:33:00 : Message is missing recipient's address
20/05/02 04:33:00 : Message is missing recipient's address
20/05/02 04:33:00 : Message is missing recipient's address
20/05/02 04:33:00 : Message is missing recipient's address
20/05/02 04:33:01 : Message is missing recipient's address
20/05/02 04:33:01 : Message is missing recipient's address
20/05/02 04:33:01 : Message is missing recipient's address
20/05/02 04:33:01 : Message is missing recipient's address
20/05/02 04:33:01 : Message is missing recipient's address
20/05/02 04:33:02 : Message is missing recipient's address
20/05/02 04:33:02 : Message is missing recipient's address
20/05/02 04:33:02 : Message is missing recipient's address
20/05/02 04:33:02 : Message is missing recipient's address
20/05/02 04:33:02 : Message is missing recipient's address
20/05/02 04:33:03 : Message is missing recipient's address
20/05/02 04:33:03 : Message is missing recipient's address
20/05/02 04:33:03 : Message is missing recipient's address
20/05/02 04:33:03 : Message is missing recipient's address
20/05/02 04:33:03 : Message is missing recipient's address
20/05/02 04:33:04 : Message is missing recipient's address
20/05/02 04:33:04 : Message is missing recipient's address
20/05/02 04:33:04 : Message is missing recipient's address
20/05/02 04:33:04 : Message is missing recipient's address
20/05/02 04:33:04 : Message is missing recipient's address
20/05/02 04:33:05 : Message is missing recipient's address
20/05/02 04:33:05 : Message is missing recipient's address
20/05/02 04:33:05 : Message is missing recipient's address
20/05/02 04:33:05 : Message is missing recipient's address
20/05/02 04:33:05 : Message is missing recipient's address
20/05/02 04:33:05 : Message is missing recipient's address
20/05/02 04:33:06 : Message is missing recipient's address
20/05/02 04:33:06 : Message is missing recipient's address
20/05/02 04:33:06 : Message is missing recipient's address
20/05/02 04:33:06 : Message is missing recipient's address
20/05/02 04:33:06 : Message is missing recipient's address
20/05/02 04:33:07 : Message is missing recipient's address
20/05/02 04:33:07 : Message is missing recipient's address
20/05/02 04:33:07 : Message is missing recipient's address
20/05/02 04:33:07 : Message is missing recipient's address
20/05/02 04:33:07 : Message is missing recipient's address
20/05/02 04:33:08 : Message is missing recipient's address
20/05/02 04:33:08 : Message is missing recipient's address
20/05/02 04:33:08 : Message is missing recipient's address
20/05/02 04:33:08 : Message is missing recipient's address
20/05/02 04:33:09 : Message is missing recipient's address
20/05/02 04:33:09 : Message is missing recipient's address
20/05/02 04:33:09 : Message is missing recipient's address
20/05/02 04:33:09 : Message is missing recipient's address
20/05/02 04:33:09 : Message is missing recipient's address
20/05/02 04:33:10 : Message is missing recipient's address
20/05/02 04:33:10 : Message is missing recipient's address
20/05/02 04:33:10 : Message is missing recipient's address
20/05/02 04:33:10 : Message is missing recipient's address
20/05/02 04:33:10 : Message is missing recipient's address
20/05/02 04:33:11 : Message is missing recipient's address
20/05/02 04:33:11 : Message is missing recipient's address
20/05/02 04:33:11 : Message is missing recipient's address
20/05/02 04:33:11 : Message is missing recipient's address
20/05/02 04:33:11 : Message is missing recipient's address
20/05/02 04:33:12 : Message is missing recipient's address
20/05/02 04:33:12 : Message is missing recipient's address
20/05/02 04:33:12 : Message is missing recipient's address
20/05/02 04:33:12 : Message is missing recipient's address
20/05/02 04:33:13 : Message is missing recipient's address
20/05/02 04:33:13 : Message is missing recipient's address
20/05/02 04:33:13 : Message is missing recipient's address
20/05/02 04:33:13 : Message is missing recipient's address
20/05/02 04:33:13 : Message is missing recipient's address
20/05/02 04:33:14 : Message is missing recipient's address
20/05/02 04:33:14 : Message is missing recipient's address
20/05/02 04:33:14 : Message is missing recipient's address
20/05/02 04:33:14 : Message is missing recipient's address
20/05/02 04:33:15 : Message is missing recipient's address
20/05/02 04:33:15 : Message is missing recipient's address
20/05/02 04:33:15 : Message is missing recipient's address
20/05/02 04:33:15 : Message is missing recipient's address
20/05/02 04:33:16 : Message is missing recipient's address
20/05/02 04:33:16 : Message is missing recipient's address
20/05/02 04:33:16 : Message is missing recipient's address
20/05/02 04:33:16 : Message is missing recipient's address
20/05/02 04:33:16 : Message is missing recipient's address
20/05/02 04:33:17 : Message is missing recipient's address
20/05/02 04:33:17 : Message is missing recipient's address
20/05/02 04:33:17 : Message is missing recipient's address
20/05/02 04:33:17 : Message is missing recipient's address
20/05/02 04:33:17 : Message is missing recipient's address
20/05/03 03:12:05 : Message is missing recipient's address
20/05/03 03:16:30 : Message is missing recipient's address
20/05/15 01:29:29 : Message is missing recipient's address
